{
  "RSpec": {
    "coverage": {
      "/home/fridayshoes/Projects/Week4/Collabs/bookmark_manager/spec/bookmark_spec.rb": {
        "lines": [
          1,
          null,
          1,
          1,
          1,
          1,
          null,
          1,
          1,
          1,
          null,
          null,
          null
        ]
      },
      "/home/fridayshoes/Projects/Week4/Collabs/bookmark_manager/spec/features/index_page_spec.rb": {
        "lines": [
          null,
          null,
          1,
          1,
          1,
          1,
          null,
          null
        ]
      },
      "/home/fridayshoes/Projects/Week4/Collabs/bookmark_manager/spec/features/view_bookmarks_spec.rb": {
        "lines": [
          1,
          1,
          1,
          1,
          1,
          1,
          null,
          null
        ]
      }
    },
    "timestamp": 1654616429
  }
}
